Determining if the pthread_create exist failed with the following output:
Change Dir: /home/jonathan/Desktop/DARTPrimate/Application/build/CMakeFiles/CMakeTmp

Run Build Command:"/usr/bin/make" "cmTC_07a71/fast"
/usr/bin/make -f CMakeFiles/cmTC_07a71.dir/build.make CMakeFiles/cmTC_07a71.dir/build
make[1]: Entering directory '/home/jonathan/Desktop/DARTPrimate/Application/build/CMakeFiles/CMakeTmp'
Building C object CMakeFiles/cmTC_07a71.dir/CheckSymbolExists.c.o
/usr/bin/cc    -fPIC    -o CMakeFiles/cmTC_07a71.dir/CheckSymbolExists.c.o   -c /home/jonathan/Desktop/DARTPrimate/Application/build/CMakeFiles/CMakeTmp/CheckSymbolExists.c
Linking C executable cmTC_07a71
/usr/bin/cmake -E cmake_link_script CMakeFiles/cmTC_07a71.dir/link.txt --verbose=1
/usr/bin/cc  -fPIC     CMakeFiles/cmTC_07a71.dir/CheckSymbolExists.c.o  -o cmTC_07a71 -rdynamic 
CMakeFiles/cmTC_07a71.dir/CheckSymbolExists.c.o: In function `main':
CheckSymbolExists.c:(.text+0x1b): undefined reference to `pthread_create'
collect2: error: ld returned 1 exit status
CMakeFiles/cmTC_07a71.dir/build.make:97: recipe for target 'cmTC_07a71' failed
make[1]: *** [cmTC_07a71] Error 1
make[1]: Leaving directory '/home/jonathan/Desktop/DARTPrimate/Application/build/CMakeFiles/CMakeTmp'
Makefile:126: recipe for target 'cmTC_07a71/fast' failed
make: *** [cmTC_07a71/fast] Error 2

File /home/jonathan/Desktop/DARTPrimate/Application/build/CMakeFiles/CMakeTmp/CheckSymbolExists.c:
/* */
#include <pthread.h>

int main(int argc, char** argv)
{
  (void)argv;
#ifndef pthread_create
  return ((int*)(&pthread_create))[argc];
#else
  (void)argc;
  return 0;
#endif
}

Determining if the function pthread_create exists in the pthreads failed with the following output:
Change Dir: /home/jonathan/Desktop/DARTPrimate/Application/build/CMakeFiles/CMakeTmp

Run Build Command:"/usr/bin/make" "cmTC_84884/fast"
/usr/bin/make -f CMakeFiles/cmTC_84884.dir/build.make CMakeFiles/cmTC_84884.dir/build
make[1]: Entering directory '/home/jonathan/Desktop/DARTPrimate/Application/build/CMakeFiles/CMakeTmp'
Building C object CMakeFiles/cmTC_84884.dir/CheckFunctionExists.c.o
/usr/bin/cc    -fPIC -DCHECK_FUNCTION_EXISTS=pthread_create   -o CMakeFiles/cmTC_84884.dir/CheckFunctionExists.c.o   -c /usr/share/cmake-3.5/Modules/CheckFunctionExists.c
Linking C executable cmTC_84884
/usr/bin/cmake -E cmake_link_script CMakeFiles/cmTC_84884.dir/link.txt --verbose=1
/usr/bin/cc  -fPIC -DCHECK_FUNCTION_EXISTS=pthread_create    CMakeFiles/cmTC_84884.dir/CheckFunctionExists.c.o  -o cmTC_84884 -rdynamic -lpthreads 
/usr/bin/ld: cannot find -lpthreads
collect2: error: ld returned 1 exit status
CMakeFiles/cmTC_84884.dir/build.make:97: recipe for target 'cmTC_84884' failed
make[1]: *** [cmTC_84884] Error 1
make[1]: Leaving directory '/home/jonathan/Desktop/DARTPrimate/Application/build/CMakeFiles/CMakeTmp'
Makefile:126: recipe for target 'cmTC_84884/fast' failed
make: *** [cmTC_84884/fast] Error 2


