Determining if the pthread_create exist failed with the following output:
Change Dir: /home/jonathan/Desktop/DARTPrimate/build/CMakeFiles/CMakeTmp

Run Build Command:"/usr/bin/make" "cmTC_1f3ad/fast"
/usr/bin/make -f CMakeFiles/cmTC_1f3ad.dir/build.make CMakeFiles/cmTC_1f3ad.dir/build
make[1]: Entering directory '/home/jonathan/Desktop/DARTPrimate/build/CMakeFiles/CMakeTmp'
Building C object CMakeFiles/cmTC_1f3ad.dir/CheckSymbolExists.c.o
/usr/bin/cc    -fPIC    -o CMakeFiles/cmTC_1f3ad.dir/CheckSymbolExists.c.o   -c /home/jonathan/Desktop/DARTPrimate/build/CMakeFiles/CMakeTmp/CheckSymbolExists.c
Linking C executable cmTC_1f3ad
/usr/bin/cmake -E cmake_link_script CMakeFiles/cmTC_1f3ad.dir/link.txt --verbose=1
/usr/bin/cc  -fPIC     CMakeFiles/cmTC_1f3ad.dir/CheckSymbolExists.c.o  -o cmTC_1f3ad -rdynamic 
CMakeFiles/cmTC_1f3ad.dir/CheckSymbolExists.c.o: In function `main':
CheckSymbolExists.c:(.text+0x1b): undefined reference to `pthread_create'
collect2: error: ld returned 1 exit status
CMakeFiles/cmTC_1f3ad.dir/build.make:97: recipe for target 'cmTC_1f3ad' failed
make[1]: *** [cmTC_1f3ad] Error 1
make[1]: Leaving directory '/home/jonathan/Desktop/DARTPrimate/build/CMakeFiles/CMakeTmp'
Makefile:126: recipe for target 'cmTC_1f3ad/fast' failed
make: *** [cmTC_1f3ad/fast] Error 2

File /home/jonathan/Desktop/DARTPrimate/build/CMakeFiles/CMakeTmp/CheckSymbolExists.c:
/* */
#include <pthread.h>

int main(int argc, char** argv)
{
  (void)argv;
#ifndef pthread_create
  return ((int*)(&pthread_create))[argc];
#else
  (void)argc;
  return 0;
#endif
}

Determining if the function pthread_create exists in the pthreads failed with the following output:
Change Dir: /home/jonathan/Desktop/DARTPrimate/build/CMakeFiles/CMakeTmp

Run Build Command:"/usr/bin/make" "cmTC_38d78/fast"
/usr/bin/make -f CMakeFiles/cmTC_38d78.dir/build.make CMakeFiles/cmTC_38d78.dir/build
make[1]: Entering directory '/home/jonathan/Desktop/DARTPrimate/build/CMakeFiles/CMakeTmp'
Building C object CMakeFiles/cmTC_38d78.dir/CheckFunctionExists.c.o
/usr/bin/cc    -fPIC -DCHECK_FUNCTION_EXISTS=pthread_create   -o CMakeFiles/cmTC_38d78.dir/CheckFunctionExists.c.o   -c /usr/share/cmake-3.5/Modules/CheckFunctionExists.c
Linking C executable cmTC_38d78
/usr/bin/cmake -E cmake_link_script CMakeFiles/cmTC_38d78.dir/link.txt --verbose=1
/usr/bin/cc  -fPIC -DCHECK_FUNCTION_EXISTS=pthread_create    CMakeFiles/cmTC_38d78.dir/CheckFunctionExists.c.o  -o cmTC_38d78 -rdynamic -lpthreads 
/usr/bin/ld: cannot find -lpthreads
collect2: error: ld returned 1 exit status
CMakeFiles/cmTC_38d78.dir/build.make:97: recipe for target 'cmTC_38d78' failed
make[1]: *** [cmTC_38d78] Error 1
make[1]: Leaving directory '/home/jonathan/Desktop/DARTPrimate/build/CMakeFiles/CMakeTmp'
Makefile:126: recipe for target 'cmTC_38d78/fast' failed
make: *** [cmTC_38d78/fast] Error 2


